#-----------------------------------------------------------
# Vivado v2016.2 (64-bit)
# SW Build 1577090 on Thu Jun  2 16:32:40 MDT 2016
# IP Build 1577682 on Fri Jun  3 12:00:54 MDT 2016
# Start of session at: Mon May 15 15:47:00 2017
# Process ID: 444
# Current directory: D:/ECE-C302/hw6/twos_c
# Command line: vivado.exe -gui_launcher_event rodinguilauncherevent9440 D:\ECE-C302\hw6\twos_c\twos_c.xpr
# Log file: D:/ECE-C302/hw6/twos_c/vivado.log
# Journal file: D:/ECE-C302/hw6/twos_c\vivado.jou
#-----------------------------------------------------------
start_gui
open_project D:/ECE-C302/hw6/twos_c/twos_c.xpr
Scanning sources...
Finished scanning sources
INFO: [IP_Flow 19-234] Refreshing IP repositories
INFO: [IP_Flow 19-1704] No user IP repositories specified
INFO: [IP_Flow 19-2313] Loaded Vivado IP repository 'C:/Xilinx/Vivado/2016.2/data/ip'.
open_project: Time (s): cpu = 00:00:09 ; elapsed = 00:00:09 . Memory (MB): peak = 824.320 ; gain = 133.660
update_compile_order -fileset sources_1
