#-----------------------------------------------------------
# Vivado v2016.2 (64-bit)
# SW Build 1577090 on Thu Jun  2 16:32:40 MDT 2016
# IP Build 1577682 on Fri Jun  3 12:00:54 MDT 2016
# Start of session at: Mon May 15 11:30:39 2017
# Process ID: 8948
# Current directory: D:/ECE-C302/prelab1/register
# Command line: vivado.exe -gui_launcher_event rodinguilauncherevent9500 D:\ECE-C302\prelab1\register\register.xpr
# Log file: D:/ECE-C302/prelab1/register/vivado.log
# Journal file: D:/ECE-C302/prelab1/register\vivado.jou
#-----------------------------------------------------------
start_gui
open_project D:/ECE-C302/prelab1/register/register.xpr
Scanning sources...
Finished scanning sources
INFO: [IP_Flow 19-234] Refreshing IP repositories
INFO: [IP_Flow 19-1704] No user IP repositories specified
INFO: [IP_Flow 19-2313] Loaded Vivado IP repository 'C:/Xilinx/Vivado/2016.2/data/ip'.
open_project: Time (s): cpu = 00:00:08 ; elapsed = 00:00:08 . Memory (MB): peak = 802.457 ; gain = 120.117
update_compile_order -fileset sources_1
exit
INFO: [Common 17-206] Exiting Vivado at Mon May 15 13:24:01 2017...
