#-----------------------------------------------------------
# Vivado v2017.1 (64-bit)
# SW Build 1846317 on Fri Apr 14 18:55:03 MDT 2017
# IP Build 1846188 on Fri Apr 14 20:52:08 MDT 2017
# Start of session at: Fri May 26 01:44:22 2017
# Process ID: 5236
# Current directory: C:/Users/Chris/Desktop/ECE-C302/clockdivider
# Command line: vivado.exe -gui_launcher_event rodinguilauncherevent8328 C:\Users\Chris\Desktop\ECE-C302\clockdivider\clockdivider.xpr
# Log file: C:/Users/Chris/Desktop/ECE-C302/clockdivider/vivado.log
# Journal file: C:/Users/Chris/Desktop/ECE-C302/clockdivider\vivado.jou
#-----------------------------------------------------------
start_gui
open_project -read_only C:/Users/Chris/Desktop/ECE-C302/clockdivider/clockdivider.xpr
INFO: [Project 1-313] Project file moved from 'C:/Users/cdc75' since last save.
CRITICAL WARNING: [Project 1-311] Could not find the file 'C:/Users/Chris/Desktop/ECE-C302/clockdivider/Desktop/Basys3_Master.xdc', nor could it be found using path 'C:/Users/cdc75/Desktop/Basys3_Master.xdc'.
Scanning sources...
Finished scanning sources
WARNING: [Project 1-229] Project 'clockdivider.xpr' is read-only and therefore could not be upgraded for this version of Vivado.  Use 'File | Save Project As...' if you wish to save an upgraded copy.
INFO: [IP_Flow 19-234] Refreshing IP repositories
INFO: [IP_Flow 19-1704] No user IP repositories specified
INFO: [IP_Flow 19-2313] Loaded Vivado IP repository 'C:/Xilinx/Vivado/2017.1/data/ip'.
exit
INFO: [Common 17-206] Exiting Vivado at Fri May 26 01:53:38 2017...
