Copyright 1986-2016 Xilinx, Inc. All Rights Reserved.
---------------------------------------------------------------------------------------
| Tool Version : Vivado v.2016.2 (win64) Build 1577090 Thu Jun  2 16:32:40 MDT 2016
| Date         : Wed May 10 16:08:37 2017
| Host         : ECE-BSN213-02 running 64-bit Service Pack 1  (build 7601)
| Command      : report_control_sets -verbose -file signedmult_control_sets_placed.rpt
| Design       : signedmult
| Device       : xc7a35t
---------------------------------------------------------------------------------------

Control Set Information

Table of Contents
-----------------
1. Summary
2. Flip-Flop Distribution
3. Detailed Control Set Information

1. Summary
----------

+----------------------------------------------------------+-------+
|                          Status                          | Count |
+----------------------------------------------------------+-------+
| Number of unique control sets                            |     2 |
| Unused register locations in slices containing registers |     5 |
+----------------------------------------------------------+-------+


2. Flip-Flop Distribution
-------------------------

+--------------+-----------------------+------------------------+-----------------+--------------+
| Clock Enable | Synchronous Set/Reset | Asynchronous Set/Reset | Total Registers | Total Slices |
+--------------+-----------------------+------------------------+-----------------+--------------+
| No           | No                    | No                     |               3 |            1 |
| No           | No                    | Yes                    |               0 |            0 |
| No           | Yes                   | No                     |               0 |            0 |
| Yes          | No                    | No                     |              16 |            5 |
| Yes          | No                    | Yes                    |               0 |            0 |
| Yes          | Yes                   | No                     |               0 |            0 |
+--------------+-----------------------+------------------------+-----------------+--------------+


3. Detailed Control Set Information
-----------------------------------

+------------------+---------------+------------------+------------------+----------------+
|   Clock Signal   | Enable Signal | Set/Reset Signal | Slice Load Count | Bel Load Count |
+------------------+---------------+------------------+------------------+----------------+
|  ck_IBUF_BUFG    |               |                  |                1 |              3 |
|  ck_step_reg_n_0 | en_IBUF       |                  |                5 |             16 |
+------------------+---------------+------------------+------------------+----------------+


