#-----------------------------------------------------------
# Vivado v2017.1 (64-bit)
# SW Build 1846317 on Fri Apr 14 18:55:03 MDT 2017
# IP Build 1846188 on Fri Apr 14 20:52:08 MDT 2017
# Start of session at: Tue May 30 16:04:16 2017
# Process ID: 6084
# Current directory: C:/Users/Chris/Desktop/ECE-C302/lab8/fifo16x4
# Command line: vivado.exe -gui_launcher_event rodinguilauncherevent2172 C:\Users\Chris\Desktop\ECE-C302\lab8\fifo16x4\fifo16x4.xpr
# Log file: C:/Users/Chris/Desktop/ECE-C302/lab8/fifo16x4/vivado.log
# Journal file: C:/Users/Chris/Desktop/ECE-C302/lab8/fifo16x4\vivado.jou
#-----------------------------------------------------------
start_gui
open_project C:/Users/Chris/Desktop/ECE-C302/lab8/fifo16x4/fifo16x4.xpr
Scanning sources...
Finished scanning sources
INFO: [IP_Flow 19-234] Refreshing IP repositories
INFO: [IP_Flow 19-1704] No user IP repositories specified
INFO: [IP_Flow 19-2313] Loaded Vivado IP repository 'C:/Xilinx/Vivado/2017.1/data/ip'.
update_compile_order -fileset sources_1
exit
INFO: [Common 17-206] Exiting Vivado at Tue May 30 16:16:21 2017...
