#-----------------------------------------------------------
# Vivado v2016.2 (64-bit)
# SW Build 1577090 on Thu Jun  2 16:32:40 MDT 2016
# IP Build 1577682 on Fri Jun  3 12:00:54 MDT 2016
# Start of session at: Wed May 10 16:10:17 2017
# Process ID: 10476
# Current directory: E:/ECE-C302/hw1/signedmult/signedmult
# Command line: vivado.exe -gui_launcher_event rodinguilauncherevent8580 E:\ECE-C302\hw1\signedmult\signedmult\signedmult.xpr
# Log file: E:/ECE-C302/hw1/signedmult/signedmult/vivado.log
# Journal file: E:/ECE-C302/hw1/signedmult/signedmult\vivado.jou
#-----------------------------------------------------------
start_gui
open_project E:/ECE-C302/hw1/signedmult/signedmult/signedmult.xpr
Scanning sources...
Finished scanning sources
INFO: [IP_Flow 19-234] Refreshing IP repositories
INFO: [IP_Flow 19-1704] No user IP repositories specified
INFO: [IP_Flow 19-2313] Loaded Vivado IP repository 'C:/Xilinx/Vivado/2016.2/data/ip'.
open_project: Time (s): cpu = 00:00:12 ; elapsed = 00:00:15 . Memory (MB): peak = 894.523 ; gain = 198.895
update_compile_order -fileset sources_1
exit
INFO: [Common 17-206] Exiting Vivado at Wed May 10 16:27:07 2017...
