#-----------------------------------------------------------
# Vivado v2016.2 (64-bit)
# SW Build 1577090 on Thu Jun  2 16:32:40 MDT 2016
# IP Build 1577682 on Fri Jun  3 12:00:54 MDT 2016
# Start of session at: Wed May 10 16:05:33 2017
# Process ID: 9804
# Current directory: E:/ECE-C302/hw1/signedmult/signedmult
# Command line: vivado.exe -gui_launcher_event rodinguilauncherevent10480 E:\ECE-C302\hw1\signedmult\signedmult\signedmult.xpr
# Log file: E:/ECE-C302/hw1/signedmult/signedmult/vivado.log
# Journal file: E:/ECE-C302/hw1/signedmult/signedmult\vivado.jou
#-----------------------------------------------------------
start_gui
open_project E:/ECE-C302/hw1/signedmult/signedmult/signedmult.xpr
INFO: [Project 1-313] Project file moved from 'C:/Users/cdc75/Desktop/Lab/hw1/signedmult/signedmult' since last save.
Scanning sources...
Finished scanning sources
INFO: [IP_Flow 19-234] Refreshing IP repositories
INFO: [IP_Flow 19-1704] No user IP repositories specified
INFO: [IP_Flow 19-2313] Loaded Vivado IP repository 'C:/Xilinx/Vivado/2016.2/data/ip'.
open_project: Time (s): cpu = 00:00:11 ; elapsed = 00:00:16 . Memory (MB): peak = 828.746 ; gain = 133.820
update_compile_order -fileset sources_1
reset_run synth_1
launch_runs synth_1
INFO: [HDL 9-1061] Parsing VHDL file "E:/ECE-C302/hw1/signedmult/signedmult/signedmult.srcs/sources_1/new/signedmult.vhd" into library xil_defaultlib [E:/ECE-C302/hw1/signedmult/signedmult/signedmult.srcs/sources_1/new/signedmult.vhd:1]
[Wed May 10 16:06:31 2017] Launched synth_1...
Run output will be captured here: E:/ECE-C302/hw1/signedmult/signedmult/signedmult.runs/synth_1/runme.log
launch_runs impl_1
[Wed May 10 16:07:40 2017] Launched impl_1...
Run output will be captured here: E:/ECE-C302/hw1/signedmult/signedmult/signedmult.runs/impl_1/runme.log
