#-----------------------------------------------------------
# Vivado v2016.2 (64-bit)
# SW Build 1577090 on Thu Jun  2 16:32:40 MDT 2016
# IP Build 1577682 on Fri Jun  3 12:00:54 MDT 2016
# Start of session at: Tue Apr 25 16:01:32 2017
# Process ID: 6380
# Current directory: E:/ECE-C302/prelab3/serial_adder
# Command line: vivado.exe -gui_launcher_event rodinguilauncherevent7820 E:\ECE-C302\prelab3\serial_adder\serial_adder.xpr
# Log file: E:/ECE-C302/prelab3/serial_adder/vivado.log
# Journal file: E:/ECE-C302/prelab3/serial_adder\vivado.jou
#-----------------------------------------------------------
start_gui
open_project E:/ECE-C302/prelab3/serial_adder/serial_adder.xpr
Scanning sources...
Finished scanning sources
INFO: [IP_Flow 19-234] Refreshing IP repositories
INFO: [IP_Flow 19-1704] No user IP repositories specified
INFO: [IP_Flow 19-2313] Loaded Vivado IP repository 'C:/Xilinx/Vivado/2016.2/data/ip'.
open_project: Time (s): cpu = 00:00:10 ; elapsed = 00:00:09 . Memory (MB): peak = 812.281 ; gain = 127.863
update_compile_order -fileset sources_1
update_compile_order -fileset sources_1
update_compile_order -fileset sim_1
update_compile_order -fileset sources_1
add_files -fileset constrs_1 -norecurse E:/ECE-C302/prelab3/serial_adder/Basys3_Master.xdc
launch_runs synth_1
INFO: [HDL 9-1061] Parsing VHDL file "E:/ECE-C302/prelab3/serial_adder/serial_adder.srcs/sources_1/new/test_serial_adder.vhd" into library xil_defaultlib [E:/ECE-C302/prelab3/serial_adder/serial_adder.srcs/sources_1/new/test_serial_adder.vhd:1]
[Tue Apr 25 16:16:11 2017] Launched synth_1...
Run output will be captured here: E:/ECE-C302/prelab3/serial_adder/serial_adder.runs/synth_1/runme.log
launch_runs impl_1
[Tue Apr 25 16:17:11 2017] Launched impl_1...
Run output will be captured here: E:/ECE-C302/prelab3/serial_adder/serial_adder.runs/impl_1/runme.log
launch_runs impl_1 -to_step write_bitstream
[Tue Apr 25 16:18:29 2017] Launched impl_1...
Run output will be captured here: E:/ECE-C302/prelab3/serial_adder/serial_adder.runs/impl_1/runme.log
reset_run synth_1
launch_runs synth_1
INFO: [HDL 9-1061] Parsing VHDL file "E:/ECE-C302/prelab3/serial_adder/serial_adder.srcs/sources_1/new/test_serial_adder.vhd" into library xil_defaultlib [E:/ECE-C302/prelab3/serial_adder/serial_adder.srcs/sources_1/new/test_serial_adder.vhd:1]
[Tue Apr 25 16:21:01 2017] Launched synth_1...
Run output will be captured here: E:/ECE-C302/prelab3/serial_adder/serial_adder.runs/synth_1/runme.log
launch_runs impl_1
[Tue Apr 25 16:22:14 2017] Launched impl_1...
Run output will be captured here: E:/ECE-C302/prelab3/serial_adder/serial_adder.runs/impl_1/runme.log
launch_runs impl_1 -to_step write_bitstream
[Tue Apr 25 16:23:43 2017] Launched impl_1...
Run output will be captured here: E:/ECE-C302/prelab3/serial_adder/serial_adder.runs/impl_1/runme.log
open_hw
connect_hw_server
INFO: [Labtools 27-2285] Connecting to hw_server url TCP:localhost:3121
INFO: [Labtools 27-2222] Launching hw_server...
INFO: [Labtools 27-2221] Launch Output:

****** Xilinx hw_server v2016.2
  **** Build date : Jun  2 2016-16:57:03
    ** Copyright 1986-2016 Xilinx, Inc. All Rights Reserved.


open_hw_target
INFO: [Labtoolstcl 44-466] Opening hw_target localhost:3121/xilinx_tcf/Digilent/210183636707A
set_property PROGRAM.FILE {E:/ECE-C302/prelab3/serial_adder/serial_adder.runs/impl_1/test_serial_adder.bit} [lindex [get_hw_devices] 0]
current_hw_device [lindex [get_hw_devices] 0]
refresh_hw_device -update_hw_probes false [lindex [get_hw_devices] 0]
INFO: [Labtools 27-1434] Device xc7a35t (JTAG device index = 0) is programmed with a design that has no supported debug core(s) in it.
WARNING: [Labtools 27-3123] The debug hub core was not detected at User Scan Chain 1 or 3.
Resolution: 
1. Make sure the clock connected to the debug hub (dbg_hub) core is a free running clock and is active OR
2. Manually launch hw_server with -e "set xsdb-user-bscan <C_USER_SCAN_CHAIN scan_chain_number>" to detect the debug hub at User Scan Chain of 2 or 4. To determine the user scan chain setting, open the implemented design and use: get_property C_USER_SCAN_CHAIN [get_debug_cores dbg_hub].
set_property PROBES.FILE {} [lindex [get_hw_devices] 0]
set_property PROGRAM.FILE {E:/ECE-C302/prelab3/serial_adder/serial_adder.runs/impl_1/test_serial_adder.bit} [lindex [get_hw_devices] 0]
program_hw_devices [lindex [get_hw_devices] 0]
INFO: [Labtools 27-3164] End of startup status: HIGH
refresh_hw_device [lindex [get_hw_devices] 0]
INFO: [Labtools 27-1434] Device xc7a35t (JTAG device index = 0) is programmed with a design that has no supported debug core(s) in it.
WARNING: [Labtools 27-3123] The debug hub core was not detected at User Scan Chain 1 or 3.
Resolution: 
1. Make sure the clock connected to the debug hub (dbg_hub) core is a free running clock and is active OR
2. Manually launch hw_server with -e "set xsdb-user-bscan <C_USER_SCAN_CHAIN scan_chain_number>" to detect the debug hub at User Scan Chain of 2 or 4. To determine the user scan chain setting, open the implemented design and use: get_property C_USER_SCAN_CHAIN [get_debug_cores dbg_hub].
set_property PROBES.FILE {} [lindex [get_hw_devices] 0]
set_property PROGRAM.FILE {E:/ECE-C302/prelab3/serial_adder/serial_adder.runs/impl_1/test_serial_adder.bit} [lindex [get_hw_devices] 0]
program_hw_devices [lindex [get_hw_devices] 0]
INFO: [Labtools 27-3164] End of startup status: HIGH
refresh_hw_device [lindex [get_hw_devices] 0]
INFO: [Labtools 27-1434] Device xc7a35t (JTAG device index = 0) is programmed with a design that has no supported debug core(s) in it.
WARNING: [Labtools 27-3123] The debug hub core was not detected at User Scan Chain 1 or 3.
Resolution: 
1. Make sure the clock connected to the debug hub (dbg_hub) core is a free running clock and is active OR
2. Manually launch hw_server with -e "set xsdb-user-bscan <C_USER_SCAN_CHAIN scan_chain_number>" to detect the debug hub at User Scan Chain of 2 or 4. To determine the user scan chain setting, open the implemented design and use: get_property C_USER_SCAN_CHAIN [get_debug_cores dbg_hub].
ERROR: [Labtoolstcl 44-513] HW Target shutdown. Closing target: localhost:3121/xilinx_tcf/Digilent/210183636707A
INFO: [Labtoolstcl 44-466] Opening hw_target localhost:3121/xilinx_tcf/Digilent/210183636707A
INFO: [Labtools 27-1435] Device xc7a35t (JTAG device index = 0) is not programmed (DONE status = 0).
set_property PROBES.FILE {} [lindex [get_hw_devices] 0]
set_property PROGRAM.FILE {E:/ECE-C302/prelab3/serial_adder/serial_adder.runs/impl_1/test_serial_adder.bit} [lindex [get_hw_devices] 0]
program_hw_devices [lindex [get_hw_devices] 0]
INFO: [Labtools 27-3164] End of startup status: HIGH
refresh_hw_device [lindex [get_hw_devices] 0]
INFO: [Labtools 27-1434] Device xc7a35t (JTAG device index = 0) is programmed with a design that has no supported debug core(s) in it.
WARNING: [Labtools 27-3123] The debug hub core was not detected at User Scan Chain 1 or 3.
Resolution: 
1. Make sure the clock connected to the debug hub (dbg_hub) core is a free running clock and is active OR
2. Manually launch hw_server with -e "set xsdb-user-bscan <C_USER_SCAN_CHAIN scan_chain_number>" to detect the debug hub at User Scan Chain of 2 or 4. To determine the user scan chain setting, open the implemented design and use: get_property C_USER_SCAN_CHAIN [get_debug_cores dbg_hub].
ERROR: [Labtoolstcl 44-513] HW Target shutdown. Closing target: localhost:3121/xilinx_tcf/Digilent/210183636707A
INFO: [Labtoolstcl 44-466] Opening hw_target localhost:3121/xilinx_tcf/Digilent/210183636707A
INFO: [Labtools 27-1434] Device xc7a35t (JTAG device index = 0) is programmed with a design that has no supported debug core(s) in it.
WARNING: [Labtools 27-3123] The debug hub core was not detected at User Scan Chain 1 or 3.
Resolution: 
1. Make sure the clock connected to the debug hub (dbg_hub) core is a free running clock and is active OR
2. Manually launch hw_server with -e "set xsdb-user-bscan <C_USER_SCAN_CHAIN scan_chain_number>" to detect the debug hub at User Scan Chain of 2 or 4. To determine the user scan chain setting, open the implemented design and use: get_property C_USER_SCAN_CHAIN [get_debug_cores dbg_hub].
exit
INFO: [Common 17-206] Exiting Vivado at Tue Apr 25 16:45:35 2017...
