INFO: [Common 17-206] Exiting Vivado at Tue Apr 25 16:01:22 2017...
ndard.vhd" into library std (VHDL-9003)
INFO: analyzing package STANDARD (VHDL-1014)
-- Analyzing VHDL file "C:/Xilinx/Vivado/2016.2/data/vhdl/src/std/textio.vhd" into library std (VHDL-9003)
INFO: analyzing package TEXTIO (VHDL-1014)
INFO: analyzing package body TEXTIO (VHDL-1013)
-- Analyzing VHDL file "C:/Xilinx/Vivado/2016.2/data/vhdl/src/synopsys/compileToSynopsys/attributes.vhd" into library synopsys (VHDL-9003)
INFO: analyzing package ATTRIBUTES (VHDL-1014)
-- Analyzing VHDL file "C:/Xilinx/Vivado/2016.2/data/vhdl/src/ieee/distributable/std_logic_1164.vhd" into library ieee (VHDL-9003)
INFO: analyzing package std_logic_1164 (VHDL-1014)
INFO: analyzing package body std_logic_1164 (VHDL-1013)
-- Analyzing VHDL file "C:/Xilinx/Vivado/2016.2/data/vhdl/src/ieee/distributable/numeric_std.vhd" into library ieee (VHDL-9003)
INFO: analyzing package NUMERIC_STD (VHDL-1014)
INFO: analyzing package body NUMERIC_STD (VHDL-1013)
-- Analyzing VHDL file "C:/Xilinx/Vivado/2016.2/data/vhdl/src/ieee/distributable/numeric_bit.vhd" into library ieee (VHDL-9003)
INFO: analyzing package NUMERIC_BIT (VHDL-1014)
INFO: analyzing package body NUMERIC_BIT (VHDL-1013)
-- Analyzing VHDL file "C:/Xilinx/Vivado/2016.2/data/vhdl/src/synopsys/compileToIeee/std_logic_arith.vhd" into library ieee (VHDL-9003)
INFO: analyzing package std_logic_arith (VHDL-1014)
INFO: analyzing package body std_logic_arith (VHDL-1013)
-- Analyzing VHDL file "C:/Xilinx/Vivado/2016.2/data/vhdl/src/synopsys/compileToIeee/std_logic_unsigned.vhd" into library ieee (VHDL-9003)
INFO: analyzing package STD_LOGIC_UNSIGNED (VHDL-1014)
INFO: analyzing package body STD_LOGIC_UNSIGNED (VHDL-1013)
-- Analyzing VHDL file "C:/Xilinx/Vivado/2016.2/data/vhdl/src/synopsys/compileToIeee/std_logic_signed.vhd" into library ieee (VHDL-9003)
INFO: analyzing package STD_LOGIC_SIGNED (VHDL-1014)
INFO: analyzing package body STD_LOGIC_SIGNED (VHDL-1013)
-- Analyzing VHDL file "C:/Xilinx/Vivado/2016.2/data/vhdl/src/synopsys/compileToIeee/std_logic_misc.vhd" into library ieee (VHDL-9003)
INFO: analyzing package std_logic_misc (VHDL-1014)
INFO: analyzing package body std_logic_misc (VHDL-1013)
-- Analyzing VHDL file "C:/Xilinx/Vivado/2016.2/data/vhdl/src/synopsys/compileToIeee/std_logic_textio.vhd" into library ieee (VHDL-9003)
INFO: analyzing package STD_LOGIC_TEXTIO (VHDL-1014)
INFO: analyzing package body STD_LOGIC_TEXTIO (VHDL-1013)
ERROR: cannot open vhdl file C:/Xilinx/Vivado/2016.2/data/vhdl/src/ieee/restricted/math_real.vhd (VHDL-1515)
-- Analyzing VHDL file "C:/Xilinx/Vivado/2016.2/data/vhdl/src/unisims/unisim_retarget_VCOMP.vhd" into library unisim (VHDL-9003)
INFO: analyzing package VCOMPONENTS (VHDL-1014)
-- Analyzing VHDL file "C:/Xilinx/Vivado/2016.2/data/vhdl/src/unimacro/unimacro_VCOMP.vhd" into library unimacro (VHDL-9003)
INFO: analyzing package VCOMPONENTS (VHDL-1014)
INFO: analyzing package body VCOMPONENTS (VHDL-1013)
-- Analyzing VHDL file "C:/Xilinx/Vivado/2016.2/data/vhdl/src/../../parts/xilinx/rtl/lib/vhdl/xst/src/mixed_lang_vltype.vhd" into library vl (VHDL-9003)
INFO: analyzing package vl_types (VHDL-1014)
INFO: analyzing package body vl_types (VHDL-1013)
-- Analyzing VHDL file "C:/Xilinx/Vivado/2016.2/data/ip/xpm/xpm_VCOMP.vhd" into library xpm (VHDL-9003)
INFO: analyzing package VCOMPONENTS (VHDL-1014)
-- Analyzing VHDL file "C:/Users/cdc75/AppData/Local/Temp/VivadoEditorAssist2679027625813793522.tmp" into library work (VHDL-9003)
INFO: analyzing entity serial_adder (VHDL-1012)
INFO: analyzing architecture Behavioral of entity serial_adder (VHDL-9006)
-- Analyzing VHDL file "C:/Users/cdc75/AppData/Local/Temp/VivadoEditorAssist5822889965132773878.tmp" into library work (VHDL-9003)
INFO: analyzing entity add3bits (VHDL-1012)
INFO: analyzing architecture Behavioral of entity add3bits (VHDL-9006)
-- Analyzing VHDL file "C:/Users/cdc75/AppData/Local/Temp/VivadoEditorAssist7465644135123165288.tmp" into library work (VHDL-9003)
INFO: analyzing entity test_serial_adder (VHDL-1012)
INFO: analyzing architecture Behavioral of entity test_serial_adder (VHDL-9006)
