#-----------------------------------------------------------
# Vivado v2016.2 (64-bit)
# SW Build 1577090 on Thu Jun  2 16:32:40 MDT 2016
# IP Build 1577682 on Fri Jun  3 12:00:54 MDT 2016
# Start of session at: Wed May 03 16:05:08 2017
# Process ID: 3592
# Current directory: E:/ECE-C302/registerbank/reg_v4
# Command line: vivado.exe -gui_launcher_event rodinguilauncherevent8520 E:\ECE-C302\registerbank\reg_v4\reg_v4.xpr
# Log file: E:/ECE-C302/registerbank/reg_v4/vivado.log
# Journal file: E:/ECE-C302/registerbank/reg_v4\vivado.jou
#-----------------------------------------------------------
start_gui
open_project E:/ECE-C302/registerbank/reg_v4/reg_v4.xpr
Scanning sources...
Finished scanning sources
INFO: [IP_Flow 19-234] Refreshing IP repositories
INFO: [IP_Flow 19-1704] No user IP repositories specified
INFO: [IP_Flow 19-2313] Loaded Vivado IP repository 'C:/Xilinx/Vivado/2016.2/data/ip'.
open_project: Time (s): cpu = 00:00:12 ; elapsed = 00:00:11 . Memory (MB): peak = 836.059 ; gain = 140.438
update_compile_order -fileset sources_1
exit
INFO: [Common 17-206] Exiting Vivado at Wed May 03 16:30:32 2017...
