#-----------------------------------------------------------
# Vivado v2016.2 (64-bit)
# SW Build 1577090 on Thu Jun  2 16:32:40 MDT 2016
# IP Build 1577682 on Fri Jun  3 12:00:54 MDT 2016
# Start of session at: Wed May 03 16:11:04 2017
# Process ID: 9084
# Current directory: E:/ECE-C302/cascading_registers
# Command line: vivado.exe -gui_launcher_event rodinguilauncherevent896 E:\ECE-C302\cascading_registers\cascading_registers.xpr
# Log file: E:/ECE-C302/cascading_registers/vivado.log
# Journal file: E:/ECE-C302/cascading_registers\vivado.jou
#-----------------------------------------------------------
start_gui
open_project E:/ECE-C302/cascading_registers/cascading_registers.xpr
INFO: [Project 1-313] Project file moved from 'C:/Users/cdc75/Desktop/cascading_registers' since last save.
Scanning sources...
Finished scanning sources
INFO: [IP_Flow 19-234] Refreshing IP repositories
INFO: [IP_Flow 19-1704] No user IP repositories specified
INFO: [IP_Flow 19-2313] Loaded Vivado IP repository 'C:/Xilinx/Vivado/2016.2/data/ip'.
open_project: Time (s): cpu = 00:00:10 ; elapsed = 00:00:12 . Memory (MB): peak = 842.957 ; gain = 163.535
update_compile_order -fileset sources_1
exit
INFO: [Common 17-206] Exiting Vivado at Wed May 03 16:31:01 2017...
