#-----------------------------------------------------------
# Vivado v2016.2 (64-bit)
# SW Build 1577090 on Thu Jun  2 16:32:40 MDT 2016
# IP Build 1577682 on Fri Jun  3 12:00:54 MDT 2016
# Start of session at: Wed Apr 19 16:45:39 2017
# Process ID: 8468
# Current directory: E:/ECE-C302/registerbank/reg_v1
# Command line: vivado.exe -gui_launcher_event rodinguilauncherevent6216 E:\ECE-C302\registerbank\reg_v1\reg_v1.xpr
# Log file: E:/ECE-C302/registerbank/reg_v1/vivado.log
# Journal file: E:/ECE-C302/registerbank/reg_v1\vivado.jou
#-----------------------------------------------------------
start_gui
open_project E:/ECE-C302/registerbank/reg_v1/reg_v1.xpr
Scanning sources...
Finished scanning sources
INFO: [IP_Flow 19-234] Refreshing IP repositories
INFO: [IP_Flow 19-1704] No user IP repositories specified
INFO: [IP_Flow 19-2313] Loaded Vivado IP repository 'C:/Xilinx/Vivado/2016.2/data/ip'.
open_project: Time (s): cpu = 00:00:09 ; elapsed = 00:00:09 . Memory (MB): peak = 827.469 ; gain = 141.434
update_compile_order -fileset sources_1
exit
INFO: [Common 17-206] Exiting Vivado at Wed Apr 19 16:55:52 2017...
