#-----------------------------------------------------------
# Vivado v2016.2 (64-bit)
# SW Build 1577090 on Thu Jun  2 16:32:40 MDT 2016
# IP Build 1577682 on Fri Jun  3 12:00:54 MDT 2016
# Start of session at: Tue Apr 25 15:37:58 2017
# Process ID: 10776
# Current directory: E:/ECE-C302/hw3/mux
# Command line: vivado.exe -gui_launcher_event rodinguilauncherevent6716 E:\ECE-C302\hw3\mux\mux.xpr
# Log file: E:/ECE-C302/hw3/mux/vivado.log
# Journal file: E:/ECE-C302/hw3/mux\vivado.jou
#-----------------------------------------------------------
start_gui
open_project E:/ECE-C302/hw3/mux/mux.xpr
Scanning sources...
Finished scanning sources
INFO: [IP_Flow 19-234] Refreshing IP repositories
INFO: [IP_Flow 19-1704] No user IP repositories specified
INFO: [IP_Flow 19-2313] Loaded Vivado IP repository 'C:/Xilinx/Vivado/2016.2/data/ip'.
open_project: Time (s): cpu = 00:00:11 ; elapsed = 00:00:20 . Memory (MB): peak = 814.867 ; gain = 135.895
update_compile_order -fileset sources_1
create_project serial_adder E:/ECE-C302/prelab3/serial_adder -part xc7a35tcpg236-1
INFO: [IP_Flow 19-234] Refreshing IP repositories
INFO: [IP_Flow 19-1704] No user IP repositories specified
INFO: [IP_Flow 19-2313] Loaded Vivado IP repository 'C:/Xilinx/Vivado/2016.2/data/ip'.
create_project: Time (s): cpu = 00:00:04 ; elapsed = 00:00:09 . Memory (MB): peak = 823.855 ; gain = 0.000
set_property target_language VHDL [current_project]
file mkdir E:/ECE-C302/prelab3/serial_adder/serial_adder.srcs/sources_1/new
close [ open E:/ECE-C302/prelab3/serial_adder/serial_adder.srcs/sources_1/new/serial_adder.vhd w ]
add_files E:/ECE-C302/prelab3/serial_adder/serial_adder.srcs/sources_1/new/serial_adder.vhd
update_compile_order -fileset sources_1
update_compile_order -fileset sim_1
close [ open E:/ECE-C302/prelab3/serial_adder/serial_adder.srcs/sources_1/new/add3bits.vhd w ]
add_files E:/ECE-C302/prelab3/serial_adder/serial_adder.srcs/sources_1/new/add3bits.vhd
update_compile_order -fileset sources_1
close [ open E:/ECE-C302/prelab3/serial_adder/serial_adder.srcs/sources_1/new/test_serial_adder.vhd w ]
add_files E:/ECE-C302/prelab3/serial_adder/serial_adder.srcs/sources_1/new/test_serial_adder.vhd
update_compile_order -fileset sources_1
current_project mux
close_project
****** Webtalk v2016.2 (64-bit)
  **** SW Build 1577090 on Thu Jun  2 16:32:40 MDT 2016
  **** IP Build 1577682 on Fri Jun  3 12:00:54 MDT 2016
    ** Copyright 1986-2016 Xilinx, Inc. All Rights Reserved.

source E:/ECE-C302/hw3/mux/mux.hw/webtalk/labtool_webtalk.tcl -notrace
INFO: [Common 17-206] Exiting Webtalk at Tue Apr 25 16:01:12 2017...
exit
INFO: [Common 17-206] Exiting Vivado at Tue Apr 25 16:01:22 2017...
