#-----------------------------------------------------------
# Vivado v2016.2 (64-bit)
# SW Build 1577090 on Thu Jun  2 16:32:40 MDT 2016
# IP Build 1577682 on Fri Jun  3 12:00:54 MDT 2016
# Start of session at: Mon May 15 16:11:14 2017
# Process ID: 9280
# Current directory: D:/ECE-C302/prelab6/serial_adder
# Command line: vivado.exe -gui_launcher_event rodinguilauncherevent2616 D:\ECE-C302\prelab6\serial_adder\serial_adder.xpr
# Log file: D:/ECE-C302/prelab6/serial_adder/vivado.log
# Journal file: D:/ECE-C302/prelab6/serial_adder\vivado.jou
#-----------------------------------------------------------
start_gui
open_project D:/ECE-C302/prelab6/serial_adder/serial_adder.xpr
Scanning sources...
Finished scanning sources
INFO: [IP_Flow 19-234] Refreshing IP repositories
INFO: [IP_Flow 19-1704] No user IP repositories specified
INFO: [IP_Flow 19-2313] Loaded Vivado IP repository 'C:/Xilinx/Vivado/2016.2/data/ip'.
open_project: Time (s): cpu = 00:00:09 ; elapsed = 00:00:09 . Memory (MB): peak = 827.969 ; gain = 129.133
update_compile_order -fileset sources_1
exit
INFO: [Common 17-206] Exiting Vivado at Mon May 15 16:56:09 2017...
