#-----------------------------------------------------------
# Vivado v2016.2 (64-bit)
# SW Build 1577090 on Thu Jun  2 16:32:40 MDT 2016
# IP Build 1577682 on Fri Jun  3 12:00:54 MDT 2016
# Start of session at: Wed May 10 15:03:09 2017
# Process ID: 10960
# Current directory: E:/ECE-C302/Quiz/state_machine_7seg
# Command line: vivado.exe -gui_launcher_event rodinguilauncherevent9892 E:\ECE-C302\Quiz\state_machine_7seg\state_machine_7seg.xpr
# Log file: E:/ECE-C302/Quiz/state_machine_7seg/vivado.log
# Journal file: E:/ECE-C302/Quiz/state_machine_7seg\vivado.jou
#-----------------------------------------------------------
start_gui
open_project E:/ECE-C302/Quiz/state_machine_7seg/state_machine_7seg.xpr
Scanning sources...
Finished scanning sources
INFO: [IP_Flow 19-234] Refreshing IP repositories
INFO: [IP_Flow 19-1704] No user IP repositories specified
INFO: [IP_Flow 19-2313] Loaded Vivado IP repository 'C:/Xilinx/Vivado/2016.2/data/ip'.
open_project: Time (s): cpu = 00:00:12 ; elapsed = 00:00:17 . Memory (MB): peak = 815.285 ; gain = 142.016
update_compile_order -fileset sources_1
exit
INFO: [Common 17-206] Exiting Vivado at Wed May 10 15:57:11 2017...
